{"/home/kodekage/Desktop/Andela-DevC/teamwork/spec/apiSpec.js":{"path":"/home/kodekage/Desktop/Andela-DevC/teamwork/spec/apiSpec.js","s":{"1":1,"2":1,"3":1,"4":1,"5":1,"6":1,"7":1,"8":1,"9":1,"10":1,"11":1,"12":1,"13":1,"14":1,"15":1,"16":1,"17":1},"b":{},"f":{},"fnMap":{},"statementMap":{"1":{"start":{"line":2,"column":0},"end":{"line":2,"column":27}},"2":{"start":{"line":3,"column":0},"end":{"line":3,"column":35}},"3":{"start":{"line":6,"column":0},"end":{"line":40,"column":3}},"4":{"start":{"line":7,"column":2},"end":{"line":7,"column":54}},"5":{"start":{"line":16,"column":2},"end":{"line":39,"column":5}},"6":{"start":{"line":17,"column":4},"end":{"line":22,"column":7}},"7":{"start":{"line":18,"column":6},"end":{"line":21,"column":9}},"8":{"start":{"line":19,"column":8},"end":{"line":19,"column":46}},"9":{"start":{"line":20,"column":8},"end":{"line":20,"column":15}},"10":{"start":{"line":24,"column":4},"end":{"line":29,"column":7}},"11":{"start":{"line":25,"column":6},"end":{"line":28,"column":9}},"12":{"start":{"line":26,"column":8},"end":{"line":26,"column":46}},"13":{"start":{"line":27,"column":8},"end":{"line":27,"column":15}},"14":{"start":{"line":31,"column":4},"end":{"line":38,"column":7}},"15":{"start":{"line":32,"column":6},"end":{"line":37,"column":11}},"16":{"start":{"line":35,"column":10},"end":{"line":35,"column":58}},"17":{"start":{"line":36,"column":10},"end":{"line":36,"column":17}}},"branchMap":{}}}